\BOOKMARK [1][-]{section.1}{Model overview}{}% 1
\BOOKMARK [1][-]{section.2}{Coarse-grained model of E. coli growth under methionine limitation}{}% 2
\BOOKMARK [1][-]{section.3}{Background knowledge}{}% 3
\BOOKMARK [2][-]{subsection.3.1}{Catalase and peroxidase}{section.3}% 4
\BOOKMARK [3][-]{subsubsection.3.1.1}{Relative importance of various H2O2-degrading enzymes}{subsection.3.1}% 5
\BOOKMARK [3][-]{subsubsection.3.1.2}{Oxidation and reduction in proteins}{subsection.3.1}% 6
\BOOKMARK [3][-]{subsubsection.3.1.3}{OxyR-mediated redox sensing}{subsection.3.1}% 7
\BOOKMARK [1][-]{section.4}{Modeling thioredoxin and glutaredoxin pathway}{}% 8
\BOOKMARK [2][-]{subsection.4.1}{Glutaredoxin model}{section.4}% 9
\BOOKMARK [1][-]{section.5}{Modeling H2O2 diffusion, production and decomposition}{}% 10
\BOOKMARK [2][-]{subsection.5.1}{Model overview}{section.5}% 11
\BOOKMARK [2][-]{subsection.5.2}{Model assumptions}{section.5}% 12
\BOOKMARK [2][-]{subsection.5.3}{Mathematical equations}{section.5}% 13
\BOOKMARK [2][-]{subsection.5.4}{Parameterization}{section.5}% 14
\BOOKMARK [2][-]{subsection.5.5}{Results and discussion}{section.5}% 15
\BOOKMARK [3][-]{subsubsection.5.5.1}{OxyR activation senses both H2O2 concentration and cell redox status}{subsection.5.5}% 16
\BOOKMARK [3][-]{subsubsection.5.5.2}{The relation between intracellular and extracellular H2O2 concentration is threshold-like}{subsection.5.5}% 17
\BOOKMARK [3][-]{subsubsection.5.5.3}{The threshold-behavior is caused by zero-order ultrasensitivity under Ahp saturation}{subsection.5.5}% 18
\BOOKMARK [3][-]{subsubsection.5.5.4}{The zero-order ultrasensitivity is experimentally confirmed by in vivo measurement of oxidized OxyR fraction}{subsection.5.5}% 19
\BOOKMARK [1][-]{section.6}{References}{}% 20
